{"J:\\CODE\\GitHub\\ajs-6_constructor_function\\src\\app.js": {"path":"J:\\CODE\\GitHub\\ajs-6_constructor_function\\src\\app.js","statementMap":{"0":{"start":{"line":2,"column":21},"end":{"line":27,"column":3}},"1":{"start":{"line":29,"column":2},"end":{"line":31,"column":3}},"2":{"start":{"line":30,"column":4},"end":{"line":30,"column":54}},"3":{"start":{"line":33,"column":2},"end":{"line":33,"column":19}},"4":{"start":{"line":34,"column":2},"end":{"line":34,"column":19}},"5":{"start":{"line":35,"column":2},"end":{"line":35,"column":20}},"6":{"start":{"line":36,"column":2},"end":{"line":36,"column":17}},"7":{"start":{"line":37,"column":2},"end":{"line":37,"column":40}},"8":{"start":{"line":38,"column":2},"end":{"line":38,"column":42}}},"fnMap":{"0":{"name":"Character","decl":{"start":{"line":1,"column":24},"end":{"line":1,"column":33}},"loc":{"start":{"line":1,"column":46},"end":{"line":39,"column":1}},"line":1}},"branchMap":{"0":{"loc":{"start":{"line":29,"column":2},"end":{"line":31,"column":3}},"type":"if","locations":[{"start":{"line":29,"column":2},"end":{"line":31,"column":3}},{"start":{"line":29,"column":2},"end":{"line":31,"column":3}}],"line":29},"1":{"loc":{"start":{"line":29,"column":6},"end":{"line":29,"column":88}},"type":"binary-expr","locations":[{"start":{"line":29,"column":6},"end":{"line":29,"column":22}},{"start":{"line":29,"column":26},"end":{"line":29,"column":41}},{"start":{"line":29,"column":45},"end":{"line":29,"column":88}}],"line":29}},"s":{"0":2,"1":2,"2":1,"3":1,"4":1,"5":1,"6":1,"7":1,"8":1},"f":{"0":2},"b":{"0":[1,1],"1":[2,2,2]},"_coverageSchema":"43e27e138ebf9cfc5966b082cf9a028302ed4184","hash":"5041f0e91783b5e8af9c5ae425fa71d6bae5fe8f"}
}
